Arguments: 
  C:\Program Files\nodejs\node.exe C:\Users\aravindh.n\AppData\Roaming\npm\node_modules\yarn\bin\yarn.js add babel-loader babel-core babel-preset-es2015 babel-preset-react

PATH: 
  C:\ProgramData\Oracle\Java\javapath;C:\Program Files (x86)\Intel\iCLS Client\;C:\Program Files\Intel\iCLS Client\;C:\Windows\system32;C:\Windows;C:\Windows\System32\Wbem;C:\Windows\System32\WindowsPowerShell\v1.0\;C:\Program Files (x86)\Intel\Intel(R) Management Engine Components\DAL;C:\Program Files\Intel\Intel(R) Management Engine Components\DAL;C:\Program Files (x86)\Intel\Intel(R) Management Engine Components\IPT;C:\Program Files\Intel\Intel(R) Management Engine Components\IPT;C:\Program Files\Intel\WiFi\bin\;C:\Program Files\Common Files\Intel\WirelessCommon\;C:\Program Files\TortoiseGit\bin;C:\Program Files (x86)\Skype\Phone\;C:\Program Files\TortoiseSVN\bin;C:\Program Files (x86)\Kaspersky Lab\Kaspersky Endpoint Security 10 for Windows SP1\;C:\Program Files\Git\cmd;C:\Program Files\nodejs\;C:\Ruby24-x64\bin;C:\Users\aravindh.n\AppData\Roaming\npm;D:\Softwares\Heroku\bin;C:\Users\aravindh.n\AppData\Local\atom\bin;C:\Users\aravindh.n\AppData\Local\.meteor\;C:\Java\jdk1.7.0_67\bin\

Yarn version: 
  0.27.5

Node version: 
  8.2.1

Platform: 
  win32 x64

npm manifest: 
  {
    "name": "react-client",
    "version": "1.0.0",
    "main": "index.js",
    "repository": "    \"url\": \"https://github.com/arvi-aris/\"",
    "author": "Aravindh Nagarajan",
    "license": "MIT",
    "scripts": {
        "build": "webpack --config webpack.config.prod.js"
    }
  }

yarn manifest: 
  No manifest

Lockfile: 
  No lockfile

Trace: 
  Error: connect EACCES 104.16.60.173:443
      at Object.exports._errnoException (util.js:1024:11)
      at exports._exceptionWithHostPort (util.js:1047:20)
      at TCPConnectWrap.afterConnect [as oncomplete] (net.js:1150:14)
